[13315] [0;33m*[0m Syncing theme #165622251822 on galeria-avanti-staging.myshopify.com
[13315] [?25l[13315] [0m[46m [1;47m                                                                                                                                                                                 [0m 0%  [13315] [1A[1G
[0m[46m  [1;47m                                                                                                                                                                                [0m 1%  [1A[1G
[0m[46m   [1;47m                                                                                                                                                                               [0m 1%  [1A[1G
[0m[46m    [1;47m                                                                                                                                                                              [0m 2%  [1A[1G
[0m[46m     [1;47m                                                                                                                                                                             [0m 2%  [1A[1G
[0m[46m      [1;47m                                                                                                                                                                            [0m 3%  [1A[1G
[0m[46m       [1;47m                                                                                                                                                                           [0m 3%  [1A[1G
[0m[46m        [1;47m                                                                                                                                                                          [0m 4%  [1A[1G
[0m[46m         [1;47m                                                                                                                                                                         [0m 4%  [1A[1G
[0m[46m         [1;47m                                                                                                                                                                         [0m 5%  [1A[1G
[0m[46m          [1;47m                                                                                                                                                                        [0m 5%  [1A[1G
[0m[46m           [1;47m                                                                                                                                                                       [0m 6%  [1A[1G
[0m[46m            [1;47m                                                                                                                                                                      [0m 6%  [1A[1G
[0m[46m              [1;47m                                                                                                                                                                    [0m 7%  [1A[1G
[0m[46m               [1;47m                                                                                                                                                                   [0m 7%  [1A[1G
[0m[46m                [1;47m                                                                                                                                                                  [0m 8%  [1A[1G
[0m[46m                 [1;47m                                                                                                                                                                 [0m 8%  [1A[1G
[0m[46m                 [1;47m                                                                                                                                                                 [0m 9%  [1A[1G
[0m[46m                 [1;47m                                                                                                                                                                 [0m 9%  [1A[1G
[0m[46m                  [1;47m                                                                                                                                                                [0m 9%  [1A[1G
[0m[46m                   [1;47m                                                                                                                                                               [0m 10% [1A[1G
[0m[46m                    [1;47m                                                                                                                                                              [0m 10% [1A[1G
[0m[46m                     [1;47m                                                                                                                                                             [0m 11% [1A[1G
[0m[46m                       [1;47m                                                                                                                                                           [0m 12% [1A[1G
[0m[46m                        [1;47m                                                                                                                                                          [0m 13% [1A[1G
[0m[46m                         [1;47m                                                                                                                                                         [0m 13% [1A[1G
[0m[46m                         [1;47m                                                                                                                                                         [0m 14% [1A[1G
[0m[46m                           [1;47m                                                                                                                                                       [0m 15% [1A[1G
[0m[46m                            [1;47m                                                                                                                                                      [0m 15% [1A[1G
[0m[46m                              [1;47m                                                                                                                                                    [0m 16% [1A[1G
[0m[46m                               [1;47m                                                                                                                                                   [0m 17% [1A[1G
[0m[46m                                [1;47m                                                                                                                                                  [0m 17% [1A[1G
[0m[46m                                 [1;47m                                                                                                                                                 [0m 18% [1A[1G
[0m[46m                                 [1;47m                                                                                                                                                 [0m 18% [1A[1G
[0m[46m                                  [1;47m                                                                                                                                                [0m 18% [1A[1G
[0m[46m                                   [1;47m                                                                                                                                               [0m 19% [1A[1G
[0m[46m                                    [1;47m                                                                                                                                              [0m 19% [1A[1G
[0m[46m                                      [1;47m                                                                                                                                            [0m 20% [1A[1G
[0m[46m                                       [1;47m                                                                                                                                           [0m 21% [1A[1G
[0m[46m                                        [1;47m                                                                                                                                          [0m 21% [1A[1G
[0m[46m                                        [1;47m                                                                                                                                          [0m 21% [1A[1G
[0m[46m                                         [1;47m                                                                                                                                         [0m 22% [1A[1G
[0m[46m                                         [1;47m                                                                                                                                         [0m 23% [1A[1G
[0m[46m                                          [1;47m                                                                                                                                        [0m 23% [1A[1G
[0m[46m                                           [1;47m                                                                                                                                       [0m 24% [1A[1G
[0m[46m                                           [1;47m                                                                                                                                       [0m 24% [1A[1G
[0m[46m                                             [1;47m                                                                                                                                     [0m 25% [1A[1G
[0m[46m                                              [1;47m                                                                                                                                    [0m 25% [1A[1G
[0m[46m                                               [1;47m                                                                                                                                   [0m 26% [1A[1G
[0m[46m                                                 [1;47m                                                                                                                                 [0m 27% [1A[1G
[0m[46m                                                  [1;47m                                                                                                                                [0m 28% [1A[1G
[0m[46m                                                   [1;47m                                                                                                                               [0m 28% [1A[1G
[0m[46m                                                    [1;47m                                                                                                                              [0m 29% [1A[1G
[0m[46m                                                     [1;47m                                                                                                                             [0m 29% [1A[1G
[0m[46m                                                     [1;47m                                                                                                                             [0m 29% [1A[1G
[0m[46m                                                      [1;47m                                                                                                                            [0m 30% [1A[1G
[0m[46m                                                       [1;47m                                                                                                                           [0m 30% [1A[1G
[0m[46m                                                        [1;47m                                                                                                                          [0m 31% [1A[1G
[0m[46m                                                         [1;47m                                                                                                                         [0m 31% [1A[1G
[0m[46m                                                         [1;47m                                                                                                                         [0m 31% [1A[1G
[0m[46m                                                          [1;47m                                                                                                                        [0m 32% [1A[1G
[0m[46m                                                            [1;47m                                                                                                                      [0m 33% [1A[1G
[0m[46m                                                              [1;47m                                                                                                                    [0m 34% [1A[1G
[0m[46m                                                               [1;47m                                                                                                                   [0m 35% [1A[1G
[0m[46m                                                               [1;47m                                                                                                                   [0m 35% [1A[1G
[0m[46m                                                                [1;47m                                                                                                                  [0m 35% [1A[1G
[0m[46m                                                                 [1;47m                                                                                                                 [0m 36% [1A[1G
[0m[46m                                                                 [1;47m                                                                                                                 [0m 36% [1A[1G
[0m[46m                                                                  [1;47m                                                                                                                [0m 37% [1A[1G
[0m[46m                                                                   [1;47m                                                                                                               [0m 37% [1A[1G
[0m[46m                                                                     [1;47m                                                                                                             [0m 38% [1A[1G
[0m[46m                                                                     [1;47m                                                                                                             [0m 38% [1A[1G
[0m[46m                                                                      [1;47m                                                                                                            [0m 39% [1A[1G
[0m[46m                                                                       [1;47m                                                                                                           [0m 39% [1A[1G
[0m[46m                                                                        [1;47m                                                                                                          [0m 40% [1A[1G
[0m[46m                                                                         [1;47m                                                                                                         [0m 40% [1A[1G
[0m[46m                                                                         [1;47m                                                                                                         [0m 41% [1A[1G
[0m[46m                                                                          [1;47m                                                                                                        [0m 41% [1A[1G
[0m[46m                                                                           [1;47m                                                                                                       [0m 42% [1A[1G
[0m[46m                                                                            [1;47m                                                                                                      [0m 42% [1A[1G
[0m[46m                                                                             [1;47m                                                                                                     [0m 43% [1A[1G
[0m[46m                                                                             [1;47m                                                                                                     [0m 43% [1A[1G
[0m[46m                                                                              [1;47m                                                                                                    [0m 43% [1A[1G
[0m[46m                                                                               [1;47m                                                                                                   [0m 43% [1A[1G
[0m[46m                                                                                [1;47m                                                                                                  [0m 44% [1A[1G
[0m[46m                                                                                 [1;47m                                                                                                 [0m 44% [1A[1G
[0m[46m                                                                                 [1;47m                                                                                                 [0m 45% [1A[1G
[0m[46m                                                                                  [1;47m                                                                                                [0m 46% [1A[1G
[0m[46m                                                                                   [1;47m                                                                                               [0m 46% [1A[1G
[0m[46m                                                                                    [1;47m                                                                                              [0m 47% [1A[1G
[0m[46m                                                                                     [1;47m                                                                                             [0m 47% [1A[1G
[0m[46m                                                                                     [1;47m                                                                                             [0m 47% [1A[1G
[0m[46m                                                                                      [1;47m                                                                                            [0m 48% [1A[1G
[0m[46m                                                                                       [1;47m                                                                                           [0m 48% [1A[1G
[0m[46m                                                                                        [1;47m                                                                                          [0m 49% [1A[1G
[0m[46m                                                                                         [1;47m                                                                                         [0m 49% [1A[1G
[0m[46m                                                                                         [1;47m                                                                                         [0m 50% [1A[1G
[0m[46m                                                                                          [1;47m                                                                                        [0m 50% [1A[1G
[0m[46m                                                                                           [1;47m                                                                                       [0m 51% [1A[1G
[0m[46m                                                                                            [1;47m                                                                                      [0m 51% [1A[1G
[0m[46m                                                                                             [1;47m                                                                                     [0m 52% [1A[1G
[0m[46m                                                                                             [1;47m                                                                                     [0m 52% [1A[1G
[0m[46m                                                                                              [1;47m                                                                                    [0m 52% [1A[1G
[0m[46m                                                                                               [1;47m                                                                                   [0m 53% [1A[1G
[0m[46m                                                                                                [1;47m                                                                                  [0m 53% [1A[1G
[0m[46m                                                                                                 [1;47m                                                                                 [0m 54% [1A[1G
[0m[46m                                                                                                  [1;47m                                                                                [0m 54% [1A[1G
[0m[46m                                                                                                  [1;47m                                                                                [0m 55% [1A[1G
[0m[46m                                                                                                   [1;47m                                                                               [0m 55% [1A[1G
[0m[46m                                                                                                    [1;47m                                                                              [0m 56% [1A[1G
[0m[46m                                                                                                     [1;47m                                                                             [0m 56% [1A[1G
[0m[46m                                                                                                     [1;47m                                                                             [0m 56% [1A[1G
[0m[46m                                                                                                      [1;47m                                                                            [0m 57% [1A[1G
[0m[46m                                                                                                       [1;47m                                                                           [0m 57% [1A[1G
[0m[46m                                                                                                        [1;47m                                                                          [0m 58% [1A[1G
[0m[46m                                                                                                         [1;47m                                                                         [0m 58% [1A[1G
[0m[46m                                                                                                          [1;47m                                                                        [0m 59% [1A[1G
[0m[46m                                                                                                          [1;47m                                                                        [0m 59% [1A[1G
[0m[46m                                                                                                           [1;47m                                                                       [0m 60% [1A[1G
[0m[46m                                                                                                            [1;47m                                                                      [0m 60% [1A[1G
[0m[46m                                                                                                             [1;47m                                                                     [0m 61% [1A[1G
[0m[46m                                                                                                             [1;47m                                                                     [0m 61% [1A[1G
[0m[46m                                                                                                              [1;47m                                                                    [0m 61% [1A[1G
[0m[46m                                                                                                               [1;47m                                                                   [0m 62% [1A[1G
[0m[46m                                                                                                                [1;47m                                                                  [0m 62% [1A[1G
[0m[46m                                                                                                                 [1;47m                                                                 [0m 63% [1A[1G
[0m[46m                                                                                                                  [1;47m                                                                [0m 63% [1A[1G
[0m[46m                                                                                                                   [1;47m                                                               [0m 64% [1A[1G
[0m[46m                                                                                                                     [1;47m                                                             [0m 65% [1A[1G
[0m[46m                                                                                                                     [1;47m                                                             [0m 65% [1A[1G
[0m[46m                                                                                                                     [1;47m                                                             [0m 65% [1A[1G
[0m[46m                                                                                                                      [1;47m                                                            [0m 65% [1A[1G
[0m[46m                                                                                                                        [1;47m                                                          [0m 67% [1A[1G
[0m[46m                                                                                                                        [1;47m                                                          [0m 67% [1A[1G
[0m[46m                                                                                                                         [1;47m                                                         [0m 67% [1A[1G
[0m[46m                                                                                                                           [1;47m                                                       [0m 69% [1A[1G
[0m[46m                                                                                                                            [1;47m                                                      [0m 69% [1A[1G
[0m[46m                                                                                                                            [1;47m                                                      [0m 69% [1A[1G
[0m[46m                                                                                                                             [1;47m                                                     [0m 70% [1A[1G
[0m[46m                                                                                                                             [1;47m                                                     [0m 70% [1A[1G
[0m[46m                                                                                                                               [1;47m                                                   [0m 71% [1A[1G
[0m[46m                                                                                                                                [1;47m                                                  [0m 71% [1A[1G
[0m[46m                                                                                                                                 [1;47m                                                 [0m 72% [1A[1G
[0m[46m                                                                                                                                  [1;47m                                                [0m 72% [1A[1G
[0m[46m                                                                                                                                  [1;47m                                                [0m 72% [1A[1G
[0m[46m                                                                                                                                  [1;47m                                                [0m 73% [1A[1G
[0m[46m                                                                                                                                   [1;47m                                               [0m 73% [1A[1G
[0m[46m                                                                                                                                     [1;47m                                             [0m 74% [1A[1G
[0m[46m                                                                                                                                     [1;47m                                             [0m 74% [1A[1G
[0m[46m                                                                                                                                      [1;47m                                            [0m 75% [1A[1G
[0m[46m                                                                                                                                        [1;47m                                          [0m 76% [1A[1G
[0m[46m                                                                                                                                        [1;47m                                          [0m 76% [1A[1G
[0m[46m                                                                                                                                         [1;47m                                         [0m 76% [1A[1G
[0m[46m                                                                                                                                          [1;47m                                        [0m 77% [1A[1G
[0m[46m                                                                                                                                           [1;47m                                       [0m 78% [1A[1G
[0m[46m                                                                                                                                           [1;47m                                       [0m 78% [1A[1G
[0m[46m                                                                                                                                            [1;47m                                      [0m 78% [1A[1G
[0m[46m                                                                                                                                             [1;47m                                     [0m 79% [1A[1G
[0m[46m                                                                                                                                              [1;47m                                    [0m 79% [1A[1G
[0m[46m                                                                                                                                               [1;47m                                   [0m 80% [1A[1G
[0m[46m                                                                                                                                                [1;47m                                  [0m 80% [1A[1G
[0m[46m                                                                                                                                                 [1;47m                                 [0m 81% [1A[1G
[0m[46m                                                                                                                                                   [1;47m                               [0m 82% [1A[1G
[0m[46m                                                                                                                                                   [1;47m                               [0m 82% [1A[1G
[0m[46m                                                                                                                                                   [1;47m                               [0m 82% [1A[1G
[0m[46m                                                                                                                                                    [1;47m                              [0m 83% [1A[1G
[0m[46m                                                                                                                                                     [1;47m                             [0m 83% [1A[1G
[0m[46m                                                                                                                                                       [1;47m                           [0m 84% [1A[1G
[0m[46m                                                                                                                                                         [1;47m                         [0m 85% [1A[1G
[0m[46m                                                                                                                                                         [1;47m                         [0m 85% [1A[1G
[0m[46m                                                                                                                                                         [1;47m                         [0m 85% [1A[1G
[0m[46m                                                                                                                                                          [1;47m                        [0m 86% [1A[1G
[0m[46m                                                                                                                                                          [1;47m                        [0m 86% [1A[1G
[0m[46m                                                                                                                                                           [1;47m                       [0m 87% [1A[1G
[0m[46m                                                                                                                                                            [1;47m                      [0m 87% [1A[1G
[0m[46m                                                                                                                                                             [1;47m                     [0m 88% [1A[1G
[0m[46m                                                                                                                                                               [1;47m                   [0m 89% [1A[1G
[0m[46m                                                                                                                                                               [1;47m                   [0m 89% [1A[1G
[0m[46m                                                                                                                                                                [1;47m                  [0m 89% [1A[1G
[0m[46m                                                                                                                                                                 [1;47m                 [0m 90% [1A[1G
[0m[46m                                                                                                                                                                  [1;47m                [0m 90% [1A[1G
[0m[46m                                                                                                                                                                   [1;47m               [0m 91% [1A[1G
[0m[46m                                                                                                                                                                    [1;47m              [0m 92% [1A[1G
[0m[46m                                                                                                                                                                     [1;47m             [0m 92% [1A[1G
[0m[46m                                                                                                                                                                      [1;47m            [0m 93% [1A[1G
[0m[46m                                                                                                                                                                       [1;47m           [0m 93% [1A[1G
[0m[46m                                                                                                                                                                        [1;47m          [0m 94% [1A[1G
[0m[46m                                                                                                                                                                         [1;47m         [0m 94% [1A[1G
[0m[46m                                                                                                                                                                         [1;47m         [0m 94% [1A[1G
[0m[46m                                                                                                                                                                          [1;47m        [0m 95% [1A[1G
[0m[46m                                                                                                                                                                          [1;47m        [0m 95% [1A[1G
[0m[46m                                                                                                                                                                           [1;47m       [0m 96% [1A[1G
[0m[46m                                                                                                                                                                            [1;47m      [0m 96% [1A[1G
[0m[46m                                                                                                                                                                             [1;47m     [0m 97% [1A[1G
[0m[46m                                                                                                                                                                              [1;47m    [0m 97% [1A[1G
[0m[46m                                                                                                                                                                               [1;47m   [0m 98% [1A[1G
[0m[46m                                                                                                                                                                                [1;47m  [0m 98% [1A[1G
[0m[46m                                                                                                                                                                                 [1;47m [0m 99% [1A[1G
[0m[46m                                                                                                                                                                                  [1;47m[0m 99% [1A[1G
[0m[46m                                                                                                                                                                                  [1;47m[0m 100%[1A[1G
[0m[46m                                                                                                                                                                                  [1;47m[0m 100%[1A[1G
[13315] [0m[46m                                                                                                                                                                                  [1;47m[0m 100%[13315] [1A[1G
[13315] [0m[46m                                                                                                                                                                                  [1;47m[0m 100%
[13315] [?25h[0;38;5;244m  • 15:01:32[0m Synced [0;38;5;244m»[0m [0;38;5;244mupdate assets/base.css[0m
[0;38;5;244m  • 15:01:32[0m Synced [0;38;5;244m»[0m [0;38;5;244mupdate assets/animations.js[0m
[0;38;5;244m  • 15:01:33[0m Synced [0;38;5;244m»[0m [0;38;5;244mupdate assets/cart-drawer.js[0m
[0;38;5;244m  • 15:01:33[0m Synced [0;38;5;244m»[0m [0;38;5;244mupdate assets/cart-notification.js[0m
[0;38;5;244m  • 15:01:33[0m Synced [0;38;5;244m»[0m [0;38;5;244mupdate assets/collage.css[0m
[0;38;5;244m  • 15:01:34[0m Synced [0;38;5;244m»[0m [0;38;5;244mupdate assets/cart.js[0m
[0;38;5;244m  • 15:01:34[0m Synced [0;38;5;244m»[0m [0;38;5;244mupdate assets/collapsible-content.css[0m
[0;38;5;244m  • 15:01:34[0m Synced [0;38;5;244m»[0m [0;38;5;244mupdate assets/component-accordion.css[0m
[0;38;5;244m  • 15:01:35[0m Synced [0;38;5;244m»[0m [0;38;5;244mupdate assets/component-article-card.css[0m
[0;38;5;244m  • 15:01:35[0m Synced [0;38;5;244m»[0m [0;38;5;244mupdate assets/component-card.css[0m
[0;38;5;244m  • 15:01:36[0m Synced [0;38;5;244m»[0m [0;38;5;244mupdate assets/component-cart-items.css[0m
[0;38;5;244m  • 15:01:37[0m Synced [0;38;5;244m»[0m [0;38;5;244mupdate assets/component-cart-notification.css[0m
[0;38;5;244m  • 15:01:37[0m Synced [0;38;5;244m»[0m [0;38;5;244mupdate assets/component-cart.css[0m
[0;38;5;244m  • 15:01:38[0m Synced [0;38;5;244m»[0m [0;38;5;244mupdate assets/component-cart-drawer.css[0m
[0;38;5;244m  • 15:01:38[0m Synced [0;38;5;244m»[0m [0;38;5;244mupdate assets/component-collection-hero.css[0m
[0;38;5;244m  • 15:01:38[0m Synced [0;38;5;244m»[0m [0;38;5;244mupdate assets/component-complementary-products.css[0m
[0;38;5;244m  • 15:01:39[0m Synced [0;38;5;244m»[0m [0;38;5;244mupdate assets/component-discounts.css[0m
[0;38;5;244m  • 15:01:39[0m Synced [0;38;5;244m»[0m [0;38;5;244mupdate assets/component-deferred-media.css[0m
[0;38;5;244m  • 15:01:40[0m Synced [0;38;5;244m»[0m [0;38;5;244mupdate assets/component-facets.css[0m
[0;38;5;244m  • 15:01:40[0m Synced [0;38;5;244m»[0m [0;38;5;244mupdate assets/component-image-with-text.css[0m
[0;38;5;244m  • 15:01:41[0m Synced [0;38;5;244m»[0m [0;38;5;244mupdate assets/component-list-menu.css[0m
[0;38;5;244m  • 15:01:41[0m Synced [0;38;5;244m»[0m [0;38;5;244mupdate assets/component-list-payment.css[0m
[0;38;5;244m  • 15:01:41[0m Synced [0;38;5;244m»[0m [0;38;5;244mupdate assets/component-list-social.css[0m
[0;38;5;244m  • 15:01:41[0m Synced [0;38;5;244m»[0m [0;38;5;244mupdate assets/component-loading-spinner.css[0m
[0;38;5;244m  • 15:01:42[0m Synced [0;38;5;244m»[0m [0;38;5;244mupdate assets/component-mega-menu.css[0m
[0;38;5;244m  • 15:01:42[0m Synced [0;38;5;244m»[0m [0;38;5;244mupdate assets/component-localization-form.css[0m
[0;38;5;244m  • 15:01:43[0m Synced [0;38;5;244m»[0m [0;38;5;244mupdate assets/component-modal-video.css[0m
[0;38;5;244m  • 15:01:43[0m Synced [0;38;5;244m»[0m [0;38;5;244mupdate assets/component-menu-drawer.css[0m
[0;38;5;244m  • 15:01:44[0m Synced [0;38;5;244m»[0m [0;38;5;244mupdate assets/component-newsletter.css[0m
[0;38;5;244m  • 15:01:44[0m Synced [0;38;5;244m»[0m [0;38;5;244mupdate assets/component-model-viewer-ui.css[0m
[0;38;5;244m  • 15:01:44[0m Synced [0;38;5;244m»[0m [0;38;5;244mupdate assets/component-pagination.css[0m
[0;38;5;244m  • 15:01:45[0m Synced [0;38;5;244m»[0m [0;38;5;244mupdate assets/component-pickup-availability.css[0m
[0;38;5;244m  • 15:01:45[0m Synced [0;38;5;244m»[0m [0;38;5;244mupdate assets/component-predictive-search.css[0m
[0;38;5;244m  • 15:01:45[0m Synced [0;38;5;244m»[0m [0;38;5;244mupdate assets/component-price.css[0m
[0;38;5;244m  • 15:01:46[0m Synced [0;38;5;244m»[0m [0;38;5;244mupdate assets/component-product-model.css[0m
[0;38;5;244m  • 15:01:46[0m Synced [0;38;5;244m»[0m [0;38;5;244mupdate assets/component-product-variant-picker.css[0m
[0;38;5;244m  • 15:01:47[0m Synced [0;38;5;244m»[0m [0;38;5;244mupdate assets/component-rating.css[0m
[0;38;5;244m  • 15:01:47[0m Synced [0;38;5;244m»[0m [0;38;5;244mupdate assets/component-search.css[0m
[0;38;5;244m  • 15:01:48[0m Synced [0;38;5;244m»[0m [0;38;5;244mupdate assets/component-show-more.css[0m
[0;38;5;244m  • 15:01:48[0m Synced [0;38;5;244m»[0m [0;38;5;244mupdate assets/component-slider.css[0m
[0;38;5;244m  • 15:01:48[0m Synced [0;38;5;244m»[0m [0;38;5;244mupdate assets/component-slideshow.css[0m
[0;38;5;244m  • 15:01:48[0m Synced [0;38;5;244m»[0m [0;38;5;244mupdate assets/component-swatch-input.css[0m
[0;38;5;244m  • 15:01:49[0m Synced [0;38;5;244m»[0m [0;38;5;244mupdate assets/component-totals.css[0m
[0;38;5;244m  • 15:01:49[0m Synced [0;38;5;244m»[0m [0;38;5;244mupdate assets/component-swatch.css[0m
[0;38;5;244m  • 15:01:50[0m Synced [0;38;5;244m»[0m [0;38;5;244mupdate assets/component-visual-display.css[0m
[0;38;5;244m  • 15:01:51[0m Synced [0;38;5;244m»[0m [0;38;5;244mupdate assets/component-volume-pricing.css[0m
[0;38;5;244m  • 15:01:51[0m Synced [0;38;5;244m»[0m [0;38;5;244mupdate assets/constants.js[0m
[0;38;5;244m  • 15:01:51[0m Synced [0;38;5;244m»[0m [0;38;5;244mupdate assets/customer.js[0m
[0;38;5;244m  • 15:01:51[0m Synced [0;38;5;244m»[0m [0;38;5;244mupdate assets/customer.css[0m
[0;38;5;244m  • 15:01:52[0m Synced [0;38;5;244m»[0m [0;38;5;244mupdate assets/details-disclosure.js[0m
[0;38;5;244m  • 15:01:52[0m Synced [0;38;5;244m»[0m [0;38;5;244mupdate assets/details-modal.js[0m
[0;38;5;244m  • 15:01:53[0m Synced [0;38;5;244m»[0m [0;38;5;244mupdate assets/facets.js[0m
[0;38;5;244m  • 15:01:53[0m Synced [0;38;5;244m»[0m [0;38;5;244mupdate assets/global.js[0m
[0;38;5;244m  • 15:01:54[0m Synced [0;38;5;244m»[0m [0;38;5;244mupdate assets/localization-form.js[0m
[0;38;5;244m  • 15:01:54[0m Synced [0;38;5;244m»[0m [0;38;5;244mupdate assets/magnify.js[0m
[0;38;5;244m  • 15:01:54[0m Synced [0;38;5;244m»[0m [0;38;5;244mupdate assets/main-search.js[0m
[0;38;5;244m  • 15:01:55[0m Synced [0;38;5;244m»[0m [0;38;5;244mupdate assets/mask-blobs.css[0m
[0;38;5;244m  • 15:01:55[0m Synced [0;38;5;244m»[0m [0;38;5;244mupdate assets/media-gallery.js[0m
[0;38;5;244m  • 15:01:55[0m Synced [0;38;5;244m»[0m [0;38;5;244mupdate assets/newsletter-section.css[0m
[0;38;5;244m  • 15:01:56[0m Synced [0;38;5;244m»[0m [0;38;5;244mupdate assets/password-modal.js[0m
[0;38;5;244m  • 15:01:56[0m Synced [0;38;5;244m»[0m [0;38;5;244mupdate assets/predictive-search.js[0m
[0;38;5;244m  • 15:01:57[0m Synced [0;38;5;244m»[0m [0;38;5;244mupdate assets/pickup-availability.js[0m
[0;38;5;244m  • 15:01:57[0m Synced [0;38;5;244m»[0m [0;38;5;244mupdate assets/price-per-item.js[0m
[0;38;5;244m  • 15:01:58[0m Synced [0;38;5;244m»[0m [0;38;5;244mupdate assets/product-form.js[0m
[0;38;5;244m  • 15:01:58[0m Synced [0;38;5;244m»[0m [0;38;5;244mupdate assets/product-modal.js[0m
[0;38;5;244m  • 15:01:59[0m Synced [0;38;5;244m»[0m [0;38;5;244mupdate assets/product-model.js[0m
[0;38;5;244m  • 15:02:00[0m Synced [0;38;5;244m»[0m [0;38;5;244mupdate assets/pubsub.js[0m
[0;38;5;244m  • 15:02:00[0m Synced [0;38;5;244m»[0m [0;38;5;244mupdate assets/product-info.js[0m
[0;38;5;244m  • 15:02:01[0m Synced [0;38;5;244m»[0m [0;38;5;244mupdate assets/quantity-popover.css[0m
[0;38;5;244m  • 15:02:01[0m Synced [0;38;5;244m»[0m [0;38;5;244mupdate assets/quantity-popover.js[0m
[0;38;5;244m  • 15:02:02[0m Synced [0;38;5;244m»[0m [0;38;5;244mupdate assets/quick-add.css[0m
[0;38;5;244m  • 15:02:02[0m Synced [0;38;5;244m»[0m [0;38;5;244mupdate assets/quick-add.js[0m
[0;38;5;244m  • 15:02:02[0m Synced [0;38;5;244m»[0m [0;38;5;244mupdate assets/quick-order-list.css[0m
[0;38;5;244m  • 15:02:03[0m Synced [0;38;5;244m»[0m [0;38;5;244mupdate assets/quick-order-list.js[0m
[0;38;5;244m  • 15:02:03[0m Synced [0;38;5;244m»[0m [0;38;5;244mupdate assets/recipient-form.js[0m
[0;38;5;244m  • 15:02:03[0m Synced [0;38;5;244m»[0m [0;38;5;244mupdate assets/search-form.js[0m
[0;38;5;244m  • 15:02:04[0m Synced [0;38;5;244m»[0m [0;38;5;244mupdate assets/section-blog-post.css[0m
[0;38;5;244m  • 15:02:04[0m Synced [0;38;5;244m»[0m [0;38;5;244mupdate assets/section-collection-list.css[0m
[0;38;5;244m  • 15:02:05[0m Synced [0;38;5;244m»[0m [0;38;5;244mupdate assets/section-email-signup-banner.css[0m
[0;38;5;244m  • 15:02:06[0m Synced [0;38;5;244m»[0m [0;38;5;244mupdate assets/section-featured-blog.css[0m
[0;38;5;244m  • 15:02:06[0m Synced [0;38;5;244m»[0m [0;38;5;244mupdate assets/section-contact-form.css[0m
[0;38;5;244m  • 15:02:06[0m Synced [0;38;5;244m»[0m [0;38;5;244mupdate assets/section-featured-product.css[0m
[0;38;5;244m  • 15:02:07[0m Synced [0;38;5;244m»[0m [0;38;5;244mupdate assets/section-footer.css[0m
[0;38;5;244m  • 15:02:07[0m Synced [0;38;5;244m»[0m [0;38;5;244mupdate assets/section-image-banner.css[0m
[0;38;5;244m  • 15:02:08[0m Synced [0;38;5;244m»[0m [0;38;5;244mupdate assets/section-main-blog.css[0m
[0;38;5;244m  • 15:02:08[0m Synced [0;38;5;244m»[0m [0;38;5;244mupdate assets/section-main-page.css[0m
[0;38;5;244m  • 15:02:09[0m Synced [0;38;5;244m»[0m [0;38;5;244mupdate assets/section-main-product.css[0m
[0;38;5;244m  • 15:02:09[0m Synced [0;38;5;244m»[0m [0;38;5;244mupdate assets/section-multicolumn.css[0m
[0;38;5;244m  • 15:02:09[0m Synced [0;38;5;244m»[0m [0;38;5;244mupdate assets/section-password.css[0m
[0;38;5;244m  • 15:02:09[0m Synced [0;38;5;244m»[0m [0;38;5;244mupdate assets/section-related-products.css[0m
[0;38;5;244m  • 15:02:10[0m Synced [0;38;5;244m»[0m [0;38;5;244mupdate assets/section-rich-text.css[0m
[0;38;5;244m  • 15:02:10[0m Synced [0;38;5;244m»[0m [0;38;5;244mupdate assets/share.js[0m
[0;38;5;244m  • 15:02:11[0m Synced [0;38;5;244m»[0m [0;38;5;244mupdate assets/show-more.js[0m
[0;38;5;244m  • 15:02:11[0m Synced [0;38;5;244m»[0m [0;38;5;244mupdate assets/sparkle.gif[0m
[0;38;5;244m  • 15:02:12[0m Synced [0;38;5;244m»[0m [0;38;5;244mupdate assets/template-collection.css[0m
[0;38;5;244m  • 15:02:12[0m Synced [0;38;5;244m»[0m [0;38;5;244mupdate assets/template-giftcard.css[0m
[0;38;5;244m  • 15:02:12[0m Synced [0;38;5;244m»[0m [0;38;5;244mupdate assets/video-section.css[0m
[0;38;5;244m  • 15:02:13[0m Synced [0;38;5;244m»[0m [0;38;5;244mupdate assets/theme-editor.js[0m
[13315] [0mStopping…
